0 info it worked if it ends with ok
1 verbose cli [ 'C:\\Program Files (x86)\\nodejs\\node.exe',
1 verbose cli   'C:\\Users\\kkgupta.ANL-100-22\\AppData\\Roaming\\npm\\node_modules\\npm\\bin\\npm-cli.js',
1 verbose cli   'install' ]
2 info using npm@3.9.3
3 info using node@v5.6.0
4 silly loadCurrentTree Starting
5 silly install loadCurrentTree
6 silly install readLocalPackageData
7 silly install normalizeTree
8 silly loadCurrentTree Finishing
9 silly loadIdealTree Starting
10 silly install loadIdealTree
11 silly cloneCurrentTree Starting
12 silly install cloneCurrentTreeToIdealTree
13 silly cloneCurrentTree Finishing
14 silly loadShrinkwrap Starting
15 silly install loadShrinkwrap
16 silly loadShrinkwrap Finishing
17 silly loadAllDepsIntoIdealTree Starting
18 silly install loadAllDepsIntoIdealTree
19 silly fetchNamedPackageData body-parser
20 silly mapToRegistry name body-parser
21 silly mapToRegistry using default registry
22 silly mapToRegistry registry https://registry.npmjs.org/
23 silly mapToRegistry data Result {
23 silly mapToRegistry   raw: 'body-parser',
23 silly mapToRegistry   scope: null,
23 silly mapToRegistry   name: 'body-parser',
23 silly mapToRegistry   rawSpec: '',
23 silly mapToRegistry   spec: 'latest',
23 silly mapToRegistry   type: 'tag' }
24 silly mapToRegistry uri https://registry.npmjs.org/body-parser
25 silly fetchNamedPackageData cookie-parser
26 silly mapToRegistry name cookie-parser
27 silly mapToRegistry using default registry
28 silly mapToRegistry registry https://registry.npmjs.org/
29 silly mapToRegistry data Result {
29 silly mapToRegistry   raw: 'cookie-parser',
29 silly mapToRegistry   scope: null,
29 silly mapToRegistry   name: 'cookie-parser',
29 silly mapToRegistry   rawSpec: '',
29 silly mapToRegistry   spec: 'latest',
29 silly mapToRegistry   type: 'tag' }
30 silly mapToRegistry uri https://registry.npmjs.org/cookie-parser
31 silly fetchNamedPackageData cookieparser
32 silly mapToRegistry name cookieparser
33 silly mapToRegistry using default registry
34 silly mapToRegistry registry https://registry.npmjs.org/
35 silly mapToRegistry data Result {
35 silly mapToRegistry   raw: 'cookieparser',
35 silly mapToRegistry   scope: null,
35 silly mapToRegistry   name: 'cookieparser',
35 silly mapToRegistry   rawSpec: '',
35 silly mapToRegistry   spec: 'latest',
35 silly mapToRegistry   type: 'tag' }
36 silly mapToRegistry uri https://registry.npmjs.org/cookieparser
37 silly fetchNamedPackageData express
38 silly mapToRegistry name express
39 silly mapToRegistry using default registry
40 silly mapToRegistry registry https://registry.npmjs.org/
41 silly mapToRegistry data Result {
41 silly mapToRegistry   raw: 'express',
41 silly mapToRegistry   scope: null,
41 silly mapToRegistry   name: 'express',
41 silly mapToRegistry   rawSpec: '',
41 silly mapToRegistry   spec: 'latest',
41 silly mapToRegistry   type: 'tag' }
42 silly mapToRegistry uri https://registry.npmjs.org/express
43 silly fetchNamedPackageData express-session
44 silly mapToRegistry name express-session
45 silly mapToRegistry using default registry
46 silly mapToRegistry registry https://registry.npmjs.org/
47 silly mapToRegistry data Result {
47 silly mapToRegistry   raw: 'express-session',
47 silly mapToRegistry   scope: null,
47 silly mapToRegistry   name: 'express-session',
47 silly mapToRegistry   rawSpec: '',
47 silly mapToRegistry   spec: 'latest',
47 silly mapToRegistry   type: 'tag' }
48 silly mapToRegistry uri https://registry.npmjs.org/express-session
49 silly fetchNamedPackageData mongodb
50 silly mapToRegistry name mongodb
51 silly mapToRegistry using default registry
52 silly mapToRegistry registry https://registry.npmjs.org/
53 silly mapToRegistry data Result {
53 silly mapToRegistry   raw: 'mongodb',
53 silly mapToRegistry   scope: null,
53 silly mapToRegistry   name: 'mongodb',
53 silly mapToRegistry   rawSpec: '',
53 silly mapToRegistry   spec: 'latest',
53 silly mapToRegistry   type: 'tag' }
54 silly mapToRegistry uri https://registry.npmjs.org/mongodb
55 silly fetchNamedPackageData mongoose
56 silly mapToRegistry name mongoose
57 silly mapToRegistry using default registry
58 silly mapToRegistry registry https://registry.npmjs.org/
59 silly mapToRegistry data Result {
59 silly mapToRegistry   raw: 'mongoose',
59 silly mapToRegistry   scope: null,
59 silly mapToRegistry   name: 'mongoose',
59 silly mapToRegistry   rawSpec: '',
59 silly mapToRegistry   spec: 'latest',
59 silly mapToRegistry   type: 'tag' }
60 silly mapToRegistry uri https://registry.npmjs.org/mongoose
61 silly fetchNamedPackageData nunjucks
62 silly mapToRegistry name nunjucks
63 silly mapToRegistry using default registry
64 silly mapToRegistry registry https://registry.npmjs.org/
65 silly mapToRegistry data Result {
65 silly mapToRegistry   raw: 'nunjucks',
65 silly mapToRegistry   scope: null,
65 silly mapToRegistry   name: 'nunjucks',
65 silly mapToRegistry   rawSpec: '',
65 silly mapToRegistry   spec: 'latest',
65 silly mapToRegistry   type: 'tag' }
66 silly mapToRegistry uri https://registry.npmjs.org/nunjucks
67 silly fetchNamedPackageData nunjucks-date
68 silly mapToRegistry name nunjucks-date
69 silly mapToRegistry using default registry
70 silly mapToRegistry registry https://registry.npmjs.org/
71 silly mapToRegistry data Result {
71 silly mapToRegistry   raw: 'nunjucks-date',
71 silly mapToRegistry   scope: null,
71 silly mapToRegistry   name: 'nunjucks-date',
71 silly mapToRegistry   rawSpec: '',
71 silly mapToRegistry   spec: 'latest',
71 silly mapToRegistry   type: 'tag' }
72 silly mapToRegistry uri https://registry.npmjs.org/nunjucks-date
73 silly fetchNamedPackageData passport
74 silly mapToRegistry name passport
75 silly mapToRegistry using default registry
76 silly mapToRegistry registry https://registry.npmjs.org/
77 silly mapToRegistry data Result {
77 silly mapToRegistry   raw: 'passport',
77 silly mapToRegistry   scope: null,
77 silly mapToRegistry   name: 'passport',
77 silly mapToRegistry   rawSpec: '',
77 silly mapToRegistry   spec: 'latest',
77 silly mapToRegistry   type: 'tag' }
78 silly mapToRegistry uri https://registry.npmjs.org/passport
79 silly fetchNamedPackageData passport-github2
80 silly mapToRegistry name passport-github2
81 silly mapToRegistry using default registry
82 silly mapToRegistry registry https://registry.npmjs.org/
83 silly mapToRegistry data Result {
83 silly mapToRegistry   raw: 'passport-github2',
83 silly mapToRegistry   scope: null,
83 silly mapToRegistry   name: 'passport-github2',
83 silly mapToRegistry   rawSpec: '',
83 silly mapToRegistry   spec: 'latest',
83 silly mapToRegistry   type: 'tag' }
84 silly mapToRegistry uri https://registry.npmjs.org/passport-github2
85 silly fetchNamedPackageData passport-google
86 silly mapToRegistry name passport-google
87 silly mapToRegistry using default registry
88 silly mapToRegistry registry https://registry.npmjs.org/
89 silly mapToRegistry data Result {
89 silly mapToRegistry   raw: 'passport-google',
89 silly mapToRegistry   scope: null,
89 silly mapToRegistry   name: 'passport-google',
89 silly mapToRegistry   rawSpec: '',
89 silly mapToRegistry   spec: 'latest',
89 silly mapToRegistry   type: 'tag' }
90 silly mapToRegistry uri https://registry.npmjs.org/passport-google
91 silly fetchNamedPackageData passport-linkedin
92 silly mapToRegistry name passport-linkedin
93 silly mapToRegistry using default registry
94 silly mapToRegistry registry https://registry.npmjs.org/
95 silly mapToRegistry data Result {
95 silly mapToRegistry   raw: 'passport-linkedin',
95 silly mapToRegistry   scope: null,
95 silly mapToRegistry   name: 'passport-linkedin',
95 silly mapToRegistry   rawSpec: '',
95 silly mapToRegistry   spec: 'latest',
95 silly mapToRegistry   type: 'tag' }
96 silly mapToRegistry uri https://registry.npmjs.org/passport-linkedin
97 silly fetchNamedPackageData passport-twitter
98 silly mapToRegistry name passport-twitter
99 silly mapToRegistry using default registry
100 silly mapToRegistry registry https://registry.npmjs.org/
101 silly mapToRegistry data Result {
101 silly mapToRegistry   raw: 'passport-twitter',
101 silly mapToRegistry   scope: null,
101 silly mapToRegistry   name: 'passport-twitter',
101 silly mapToRegistry   rawSpec: '',
101 silly mapToRegistry   spec: 'latest',
101 silly mapToRegistry   type: 'tag' }
102 silly mapToRegistry uri https://registry.npmjs.org/passport-twitter
103 verbose request uri https://registry.npmjs.org/cookieparser
104 verbose request no auth needed
105 info attempt registry request try #1 at 1:12:51 PM
106 verbose request id 81b18a7cbf387b1e
107 http request GET https://registry.npmjs.org/cookieparser
108 verbose request uri https://registry.npmjs.org/nunjucks
109 verbose request no auth needed
110 info attempt registry request try #1 at 1:12:51 PM
111 http request GET https://registry.npmjs.org/nunjucks
112 verbose request uri https://registry.npmjs.org/nunjucks-date
113 verbose request no auth needed
114 info attempt registry request try #1 at 1:12:51 PM
115 http request GET https://registry.npmjs.org/nunjucks-date
116 verbose request uri https://registry.npmjs.org/passport-github2
117 verbose request no auth needed
118 info attempt registry request try #1 at 1:12:51 PM
119 http request GET https://registry.npmjs.org/passport-github2
120 verbose request uri https://registry.npmjs.org/passport-google
121 verbose request no auth needed
122 info attempt registry request try #1 at 1:12:51 PM
123 http request GET https://registry.npmjs.org/passport-google
124 verbose request uri https://registry.npmjs.org/passport-linkedin
125 verbose request no auth needed
126 info attempt registry request try #1 at 1:12:51 PM
127 http request GET https://registry.npmjs.org/passport-linkedin
128 verbose request uri https://registry.npmjs.org/passport-twitter
129 verbose request no auth needed
130 info attempt registry request try #1 at 1:12:51 PM
131 http request GET https://registry.npmjs.org/passport-twitter
132 verbose request uri https://registry.npmjs.org/cookie-parser
133 verbose request no auth needed
134 info attempt registry request try #1 at 1:12:51 PM
135 verbose etag W/"58ee4973-699b"
136 verbose lastModified Wed, 12 Apr 2017 15:36:19 GMT
137 http request GET https://registry.npmjs.org/cookie-parser
138 verbose request uri https://registry.npmjs.org/body-parser
139 verbose request no auth needed
140 info attempt registry request try #1 at 1:12:51 PM
141 verbose lastModified Thu, 13 Apr 2017 07:12:56 GMT
142 http request GET https://registry.npmjs.org/body-parser
143 verbose request uri https://registry.npmjs.org/express-session
144 verbose request no auth needed
145 info attempt registry request try #1 at 1:12:51 PM
146 verbose etag W/"58eee70a-1eb1b"
147 verbose lastModified Thu, 13 Apr 2017 02:48:42 GMT
148 http request GET https://registry.npmjs.org/express-session
149 verbose request uri https://registry.npmjs.org/mongodb
150 verbose request no auth needed
151 info attempt registry request try #1 at 1:12:51 PM
152 verbose lastModified Tue, 11 Apr 2017 19:03:25 GMT
153 http request GET https://registry.npmjs.org/mongodb
154 verbose request uri https://registry.npmjs.org/mongoose
155 verbose request no auth needed
156 info attempt registry request try #1 at 1:12:51 PM
157 verbose lastModified Tue, 11 Apr 2017 11:55:40 GMT
158 http request GET https://registry.npmjs.org/mongoose
159 verbose request uri https://registry.npmjs.org/passport
160 verbose request no auth needed
161 info attempt registry request try #1 at 1:12:51 PM
162 verbose lastModified Wed, 12 Apr 2017 05:33:18 GMT
163 http request GET https://registry.npmjs.org/passport
164 verbose request uri https://registry.npmjs.org/express
165 verbose request no auth needed
166 info attempt registry request try #1 at 1:12:51 PM
167 verbose etag W/"58ee8e76-8bbc8"
168 verbose lastModified Wed, 12 Apr 2017 20:30:46 GMT
169 http request GET https://registry.npmjs.org/express
170 info retry will retry, error on last attempt: Error: tunneling socket could not be established, cause=socket hang up
171 info retry will retry, error on last attempt: Error: tunneling socket could not be established, cause=socket hang up
172 info retry will retry, error on last attempt: Error: tunneling socket could not be established, cause=socket hang up
173 info retry will retry, error on last attempt: Error: tunneling socket could not be established, cause=socket hang up
174 info retry will retry, error on last attempt: Error: tunneling socket could not be established, cause=socket hang up
175 info retry will retry, error on last attempt: Error: tunneling socket could not be established, cause=socket hang up
176 info retry will retry, error on last attempt: Error: tunneling socket could not be established, cause=socket hang up
177 info retry will retry, error on last attempt: Error: tunneling socket could not be established, cause=socket hang up
178 info retry will retry, error on last attempt: Error: tunneling socket could not be established, cause=socket hang up
179 info retry will retry, error on last attempt: Error: tunneling socket could not be established, cause=socket hang up
180 info retry will retry, error on last attempt: Error: tunneling socket could not be established, cause=socket hang up
181 info retry will retry, error on last attempt: Error: tunneling socket could not be established, cause=socket hang up
182 info retry will retry, error on last attempt: Error: tunneling socket could not be established, cause=socket hang up
183 info retry will retry, error on last attempt: Error: tunneling socket could not be established, cause=socket hang up
184 info attempt registry request try #2 at 1:13:32 PM
185 verbose etag W/"58ee8e76-8bbc8"
186 verbose lastModified Wed, 12 Apr 2017 20:30:46 GMT
187 http request GET https://registry.npmjs.org/express
188 info attempt registry request try #2 at 1:13:32 PM
189 verbose lastModified Tue, 11 Apr 2017 19:03:25 GMT
190 http request GET https://registry.npmjs.org/mongodb
191 info attempt registry request try #2 at 1:13:32 PM
192 verbose lastModified Wed, 12 Apr 2017 05:33:18 GMT
193 http request GET https://registry.npmjs.org/passport
194 info attempt registry request try #2 at 1:13:32 PM
195 verbose lastModified Tue, 11 Apr 2017 11:55:40 GMT
196 http request GET https://registry.npmjs.org/mongoose
197 info attempt registry request try #2 at 1:13:32 PM
198 http request GET https://registry.npmjs.org/nunjucks-date
199 info attempt registry request try #2 at 1:13:32 PM
200 http request GET https://registry.npmjs.org/cookieparser
201 info attempt registry request try #2 at 1:13:32 PM
202 http request GET https://registry.npmjs.org/nunjucks
203 info attempt registry request try #2 at 1:13:32 PM
204 verbose lastModified Thu, 13 Apr 2017 07:12:56 GMT
205 http request GET https://registry.npmjs.org/body-parser
206 info attempt registry request try #2 at 1:13:32 PM
207 verbose etag W/"58eee70a-1eb1b"
208 verbose lastModified Thu, 13 Apr 2017 02:48:42 GMT
209 http request GET https://registry.npmjs.org/express-session
210 info attempt registry request try #2 at 1:13:32 PM
211 verbose etag W/"58ee4973-699b"
212 verbose lastModified Wed, 12 Apr 2017 15:36:19 GMT
213 http request GET https://registry.npmjs.org/cookie-parser
214 info attempt registry request try #2 at 1:13:32 PM
215 http request GET https://registry.npmjs.org/passport-github2
216 info attempt registry request try #2 at 1:13:32 PM
217 http request GET https://registry.npmjs.org/passport-twitter
218 info attempt registry request try #2 at 1:13:32 PM
219 http request GET https://registry.npmjs.org/passport-linkedin
220 info attempt registry request try #2 at 1:13:32 PM
221 http request GET https://registry.npmjs.org/passport-google
222 info retry will retry, error on last attempt: Error: tunneling socket could not be established, cause=socket hang up
223 info retry will retry, error on last attempt: Error: tunneling socket could not be established, cause=socket hang up
224 info retry will retry, error on last attempt: Error: tunneling socket could not be established, cause=socket hang up
225 info retry will retry, error on last attempt: Error: tunneling socket could not be established, cause=socket hang up
226 info retry will retry, error on last attempt: Error: tunneling socket could not be established, cause=socket hang up
227 info retry will retry, error on last attempt: Error: tunneling socket could not be established, cause=socket hang up
228 info retry will retry, error on last attempt: Error: tunneling socket could not be established, cause=socket hang up
229 info retry will retry, error on last attempt: Error: tunneling socket could not be established, cause=socket hang up
230 info retry will retry, error on last attempt: Error: tunneling socket could not be established, cause=socket hang up
231 info retry will retry, error on last attempt: Error: tunneling socket could not be established, cause=socket hang up
232 info retry will retry, error on last attempt: Error: tunneling socket could not be established, cause=socket hang up
233 info retry will retry, error on last attempt: Error: tunneling socket could not be established, cause=socket hang up
234 info retry will retry, error on last attempt: Error: tunneling socket could not be established, cause=socket hang up
235 info retry will retry, error on last attempt: Error: tunneling socket could not be established, cause=socket hang up
236 info attempt registry request try #3 at 1:15:03 PM
237 http request GET https://registry.npmjs.org/passport-linkedin
238 info attempt registry request try #3 at 1:15:03 PM
239 http request GET https://registry.npmjs.org/cookieparser
240 info attempt registry request try #3 at 1:15:03 PM
241 http request GET https://registry.npmjs.org/nunjucks
242 info attempt registry request try #3 at 1:15:03 PM
243 verbose lastModified Thu, 13 Apr 2017 07:12:56 GMT
244 http request GET https://registry.npmjs.org/body-parser
245 info attempt registry request try #3 at 1:15:03 PM
246 http request GET https://registry.npmjs.org/passport-google
247 info attempt registry request try #3 at 1:15:03 PM
248 verbose etag W/"58ee4973-699b"
249 verbose lastModified Wed, 12 Apr 2017 15:36:19 GMT
250 http request GET https://registry.npmjs.org/cookie-parser
251 info attempt registry request try #3 at 1:15:03 PM
252 http request GET https://registry.npmjs.org/passport-twitter
253 info attempt registry request try #3 at 1:15:03 PM
254 http request GET https://registry.npmjs.org/passport-github2
255 info attempt registry request try #3 at 1:15:03 PM
256 http request GET https://registry.npmjs.org/nunjucks-date
257 info attempt registry request try #3 at 1:15:03 PM
258 verbose etag W/"58eee70a-1eb1b"
259 verbose lastModified Thu, 13 Apr 2017 02:48:42 GMT
260 http request GET https://registry.npmjs.org/express-session
261 info attempt registry request try #3 at 1:15:03 PM
262 verbose lastModified Wed, 12 Apr 2017 05:33:18 GMT
263 http request GET https://registry.npmjs.org/passport
264 info attempt registry request try #3 at 1:15:03 PM
265 verbose lastModified Tue, 11 Apr 2017 19:03:25 GMT
266 http request GET https://registry.npmjs.org/mongodb
267 info attempt registry request try #3 at 1:15:03 PM
268 verbose etag W/"58ee8e76-8bbc8"
269 verbose lastModified Wed, 12 Apr 2017 20:30:46 GMT
270 http request GET https://registry.npmjs.org/express
271 info attempt registry request try #3 at 1:15:03 PM
272 verbose lastModified Tue, 11 Apr 2017 11:55:40 GMT
273 http request GET https://registry.npmjs.org/mongoose
274 silly get cb [ 304, undefined ]
275 verbose lastModified https://registry.npmjs.org/mongodb from cache
276 verbose get saving mongodb to C:\Users\kkgupta.ANL-100-22\AppData\Roaming\npm-cache\registry.npmjs.org\mongodb\.cache.json
277 verbose correctMkdir C:\Users\kkgupta.ANL-100-22\AppData\Roaming\npm-cache correctMkdir not in flight; initializing
278 silly get cb [ 304, undefined ]
279 verbose lastModified https://registry.npmjs.org/mongoose from cache
280 verbose get saving mongoose to C:\Users\kkgupta.ANL-100-22\AppData\Roaming\npm-cache\registry.npmjs.org\mongoose\.cache.json
281 verbose correctMkdir C:\Users\kkgupta.ANL-100-22\AppData\Roaming\npm-cache correctMkdir already in flight; waiting
282 silly get cb [ 304, undefined ]
283 verbose etag https://registry.npmjs.org/express from cache
284 verbose get saving express to C:\Users\kkgupta.ANL-100-22\AppData\Roaming\npm-cache\registry.npmjs.org\express\.cache.json
285 verbose correctMkdir C:\Users\kkgupta.ANL-100-22\AppData\Roaming\npm-cache correctMkdir already in flight; waiting
286 silly get cb [ 304, undefined ]
287 verbose lastModified https://registry.npmjs.org/passport from cache
288 verbose get saving passport to C:\Users\kkgupta.ANL-100-22\AppData\Roaming\npm-cache\registry.npmjs.org\passport\.cache.json
289 verbose correctMkdir C:\Users\kkgupta.ANL-100-22\AppData\Roaming\npm-cache correctMkdir already in flight; waiting
290 silly get cb [ 304, undefined ]
291 verbose etag https://registry.npmjs.org/express-session from cache
292 verbose get saving express-session to C:\Users\kkgupta.ANL-100-22\AppData\Roaming\npm-cache\registry.npmjs.org\express-session\.cache.json
293 verbose correctMkdir C:\Users\kkgupta.ANL-100-22\AppData\Roaming\npm-cache correctMkdir already in flight; waiting
294 silly fetchPackageMetaData Error: tunneling socket could not be established, cause=socket hang up
294 silly fetchPackageMetaData     at ClientRequest.onError (C:\Users\kkgupta.ANL-100-22\AppData\Roaming\npm\node_modules\npm\node_modules\request\node_modules\tunnel-agent\index.js:176:17)
294 silly fetchPackageMetaData     at ClientRequest.g (events.js:273:16)
294 silly fetchPackageMetaData     at emitOne (events.js:90:13)
294 silly fetchPackageMetaData     at ClientRequest.emit (events.js:182:7)
294 silly fetchPackageMetaData     at TLSSocket.socketErrorListener (_http_client.js:262:9)
294 silly fetchPackageMetaData     at emitOne (events.js:90:13)
294 silly fetchPackageMetaData     at TLSSocket.emit (events.js:182:7)
294 silly fetchPackageMetaData     at emitErrorNT (net.js:1246:8)
294 silly fetchPackageMetaData     at nextTickCallbackWith2Args (node.js:475:9)
294 silly fetchPackageMetaData     at process._tickCallback (node.js:389:17)
294 silly fetchPackageMetaData  error for nunjucks-date@~1.2.0 { [Error: tunneling socket could not be established, cause=socket hang up] code: 'ECONNRESET' }
295 silly get cb [ 304, undefined ]
296 verbose lastModified https://registry.npmjs.org/body-parser from cache
297 verbose get saving body-parser to C:\Users\kkgupta.ANL-100-22\AppData\Roaming\npm-cache\registry.npmjs.org\body-parser\.cache.json
298 verbose correctMkdir C:\Users\kkgupta.ANL-100-22\AppData\Roaming\npm-cache correctMkdir already in flight; waiting
299 silly fetchPackageMetaData Error: tunneling socket could not be established, cause=socket hang up
299 silly fetchPackageMetaData     at ClientRequest.onError (C:\Users\kkgupta.ANL-100-22\AppData\Roaming\npm\node_modules\npm\node_modules\request\node_modules\tunnel-agent\index.js:176:17)
299 silly fetchPackageMetaData     at ClientRequest.g (events.js:273:16)
299 silly fetchPackageMetaData     at emitOne (events.js:90:13)
299 silly fetchPackageMetaData     at ClientRequest.emit (events.js:182:7)
299 silly fetchPackageMetaData     at TLSSocket.socketErrorListener (_http_client.js:262:9)
299 silly fetchPackageMetaData     at emitOne (events.js:90:13)
299 silly fetchPackageMetaData     at TLSSocket.emit (events.js:182:7)
299 silly fetchPackageMetaData     at emitErrorNT (net.js:1246:8)
299 silly fetchPackageMetaData     at nextTickCallbackWith2Args (node.js:475:9)
299 silly fetchPackageMetaData     at process._tickCallback (node.js:389:17)
299 silly fetchPackageMetaData  error for nunjucks@~2.2.0 { [Error: tunneling socket could not be established, cause=socket hang up] code: 'ECONNRESET' }
300 silly fetchPackageMetaData Error: tunneling socket could not be established, cause=socket hang up
300 silly fetchPackageMetaData     at ClientRequest.onError (C:\Users\kkgupta.ANL-100-22\AppData\Roaming\npm\node_modules\npm\node_modules\request\node_modules\tunnel-agent\index.js:176:17)
300 silly fetchPackageMetaData     at ClientRequest.g (events.js:273:16)
300 silly fetchPackageMetaData     at emitOne (events.js:90:13)
300 silly fetchPackageMetaData     at ClientRequest.emit (events.js:182:7)
300 silly fetchPackageMetaData     at TLSSocket.socketErrorListener (_http_client.js:262:9)
300 silly fetchPackageMetaData     at emitOne (events.js:90:13)
300 silly fetchPackageMetaData     at TLSSocket.emit (events.js:182:7)
300 silly fetchPackageMetaData     at emitErrorNT (net.js:1246:8)
300 silly fetchPackageMetaData     at nextTickCallbackWith2Args (node.js:475:9)
300 silly fetchPackageMetaData     at process._tickCallback (node.js:389:17)
300 silly fetchPackageMetaData  error for passport-twitter@^1.0.4 { [Error: tunneling socket could not be established, cause=socket hang up] code: 'ECONNRESET' }
301 silly fetchPackageMetaData Error: tunneling socket could not be established, cause=socket hang up
301 silly fetchPackageMetaData     at ClientRequest.onError (C:\Users\kkgupta.ANL-100-22\AppData\Roaming\npm\node_modules\npm\node_modules\request\node_modules\tunnel-agent\index.js:176:17)
301 silly fetchPackageMetaData     at ClientRequest.g (events.js:273:16)
301 silly fetchPackageMetaData     at emitOne (events.js:90:13)
301 silly fetchPackageMetaData     at ClientRequest.emit (events.js:182:7)
301 silly fetchPackageMetaData     at TLSSocket.socketErrorListener (_http_client.js:262:9)
301 silly fetchPackageMetaData     at emitOne (events.js:90:13)
301 silly fetchPackageMetaData     at TLSSocket.emit (events.js:182:7)
301 silly fetchPackageMetaData     at emitErrorNT (net.js:1246:8)
301 silly fetchPackageMetaData     at nextTickCallbackWith2Args (node.js:475:9)
301 silly fetchPackageMetaData     at process._tickCallback (node.js:389:17)
301 silly fetchPackageMetaData  error for passport-github2@^0.1.10 { [Error: tunneling socket could not be established, cause=socket hang up] code: 'ECONNRESET' }
302 silly fetchPackageMetaData Error: tunneling socket could not be established, cause=socket hang up
302 silly fetchPackageMetaData     at ClientRequest.onError (C:\Users\kkgupta.ANL-100-22\AppData\Roaming\npm\node_modules\npm\node_modules\request\node_modules\tunnel-agent\index.js:176:17)
302 silly fetchPackageMetaData     at ClientRequest.g (events.js:273:16)
302 silly fetchPackageMetaData     at emitOne (events.js:90:13)
302 silly fetchPackageMetaData     at ClientRequest.emit (events.js:182:7)
302 silly fetchPackageMetaData     at TLSSocket.socketErrorListener (_http_client.js:262:9)
302 silly fetchPackageMetaData     at emitOne (events.js:90:13)
302 silly fetchPackageMetaData     at TLSSocket.emit (events.js:182:7)
302 silly fetchPackageMetaData     at emitErrorNT (net.js:1246:8)
302 silly fetchPackageMetaData     at nextTickCallbackWith2Args (node.js:475:9)
302 silly fetchPackageMetaData     at process._tickCallback (node.js:389:17)
302 silly fetchPackageMetaData  error for passport-linkedin@^1.0.0 { [Error: tunneling socket could not be established, cause=socket hang up] code: 'ECONNRESET' }
303 silly fetchPackageMetaData Error: tunneling socket could not be established, cause=socket hang up
303 silly fetchPackageMetaData     at ClientRequest.onError (C:\Users\kkgupta.ANL-100-22\AppData\Roaming\npm\node_modules\npm\node_modules\request\node_modules\tunnel-agent\index.js:176:17)
303 silly fetchPackageMetaData     at ClientRequest.g (events.js:273:16)
303 silly fetchPackageMetaData     at emitOne (events.js:90:13)
303 silly fetchPackageMetaData     at ClientRequest.emit (events.js:182:7)
303 silly fetchPackageMetaData     at TLSSocket.socketErrorListener (_http_client.js:262:9)
303 silly fetchPackageMetaData     at emitOne (events.js:90:13)
303 silly fetchPackageMetaData     at TLSSocket.emit (events.js:182:7)
303 silly fetchPackageMetaData     at emitErrorNT (net.js:1246:8)
303 silly fetchPackageMetaData     at nextTickCallbackWith2Args (node.js:475:9)
303 silly fetchPackageMetaData     at process._tickCallback (node.js:389:17)
303 silly fetchPackageMetaData  error for cookieparser@^0.1.0 { [Error: tunneling socket could not be established, cause=socket hang up] code: 'ECONNRESET' }
304 silly get cb [ 304, undefined ]
305 verbose etag https://registry.npmjs.org/cookie-parser from cache
306 verbose get saving cookie-parser to C:\Users\kkgupta.ANL-100-22\AppData\Roaming\npm-cache\registry.npmjs.org\cookie-parser\.cache.json
307 verbose correctMkdir C:\Users\kkgupta.ANL-100-22\AppData\Roaming\npm-cache correctMkdir already in flight; waiting
308 silly fetchPackageMetaData Error: tunneling socket could not be established, cause=socket hang up
308 silly fetchPackageMetaData     at ClientRequest.onError (C:\Users\kkgupta.ANL-100-22\AppData\Roaming\npm\node_modules\npm\node_modules\request\node_modules\tunnel-agent\index.js:176:17)
308 silly fetchPackageMetaData     at ClientRequest.g (events.js:273:16)
308 silly fetchPackageMetaData     at emitOne (events.js:90:13)
308 silly fetchPackageMetaData     at ClientRequest.emit (events.js:182:7)
308 silly fetchPackageMetaData     at TLSSocket.socketErrorListener (_http_client.js:262:9)
308 silly fetchPackageMetaData     at emitOne (events.js:90:13)
308 silly fetchPackageMetaData     at TLSSocket.emit (events.js:182:7)
308 silly fetchPackageMetaData     at emitErrorNT (net.js:1246:8)
308 silly fetchPackageMetaData     at nextTickCallbackWith2Args (node.js:475:9)
308 silly fetchPackageMetaData     at process._tickCallback (node.js:389:17)
308 silly fetchPackageMetaData  error for passport-google@^0.3.0 { [Error: tunneling socket could not be established, cause=socket hang up] code: 'ECONNRESET' }
309 silly resolveWithNewModule express@4.13.4 checking installable status
310 silly cache add args [ 'express@~4.13.3', null ]
311 verbose cache add spec express@~4.13.3
312 silly cache add parsed spec Result {
312 silly cache add   raw: 'express@~4.13.3',
312 silly cache add   scope: null,
312 silly cache add   name: 'express',
312 silly cache add   rawSpec: '~4.13.3',
312 silly cache add   spec: '>=4.13.3 <4.14.0',
312 silly cache add   type: 'range' }
313 silly addNamed express@>=4.13.3 <4.14.0
314 verbose addNamed ">=4.13.3 <4.14.0" is a valid semver range for express
315 silly addNameRange { name: 'express', range: '>=4.13.3 <4.14.0', hasData: false }
316 silly mapToRegistry name express
317 silly mapToRegistry using default registry
318 silly mapToRegistry registry https://registry.npmjs.org/
319 silly mapToRegistry data Result {
319 silly mapToRegistry   raw: 'express',
319 silly mapToRegistry   scope: null,
319 silly mapToRegistry   name: 'express',
319 silly mapToRegistry   rawSpec: '',
319 silly mapToRegistry   spec: 'latest',
319 silly mapToRegistry   type: 'tag' }
320 silly mapToRegistry uri https://registry.npmjs.org/express
321 verbose addNameRange registry:https://registry.npmjs.org/express not in flight; fetching
322 silly resolveWithNewModule passport@0.3.2 checking installable status
323 silly cache add args [ 'passport@^0.3.2', null ]
324 verbose cache add spec passport@^0.3.2
325 silly cache add parsed spec Result {
325 silly cache add   raw: 'passport@^0.3.2',
325 silly cache add   scope: null,
325 silly cache add   name: 'passport',
325 silly cache add   rawSpec: '^0.3.2',
325 silly cache add   spec: '>=0.3.2 <0.4.0',
325 silly cache add   type: 'range' }
326 silly addNamed passport@>=0.3.2 <0.4.0
327 verbose addNamed ">=0.3.2 <0.4.0" is a valid semver range for passport
328 silly addNameRange { name: 'passport', range: '>=0.3.2 <0.4.0', hasData: false }
329 silly mapToRegistry name passport
330 silly mapToRegistry using default registry
331 silly mapToRegistry registry https://registry.npmjs.org/
332 silly mapToRegistry data Result {
332 silly mapToRegistry   raw: 'passport',
332 silly mapToRegistry   scope: null,
332 silly mapToRegistry   name: 'passport',
332 silly mapToRegistry   rawSpec: '',
332 silly mapToRegistry   spec: 'latest',
332 silly mapToRegistry   type: 'tag' }
333 silly mapToRegistry uri https://registry.npmjs.org/passport
334 verbose addNameRange registry:https://registry.npmjs.org/passport not in flight; fetching
335 silly resolveWithNewModule mongoose@4.9.4 checking installable status
336 silly cache add args [ 'mongoose@^4.9.3', null ]
337 verbose cache add spec mongoose@^4.9.3
338 silly cache add parsed spec Result {
338 silly cache add   raw: 'mongoose@^4.9.3',
338 silly cache add   scope: null,
338 silly cache add   name: 'mongoose',
338 silly cache add   rawSpec: '^4.9.3',
338 silly cache add   spec: '>=4.9.3 <5.0.0',
338 silly cache add   type: 'range' }
339 silly addNamed mongoose@>=4.9.3 <5.0.0
340 verbose addNamed ">=4.9.3 <5.0.0" is a valid semver range for mongoose
341 silly addNameRange { name: 'mongoose', range: '>=4.9.3 <5.0.0', hasData: false }
342 silly mapToRegistry name mongoose
343 silly mapToRegistry using default registry
344 silly mapToRegistry registry https://registry.npmjs.org/
345 silly mapToRegistry data Result {
345 silly mapToRegistry   raw: 'mongoose',
345 silly mapToRegistry   scope: null,
345 silly mapToRegistry   name: 'mongoose',
345 silly mapToRegistry   rawSpec: '',
345 silly mapToRegistry   spec: 'latest',
345 silly mapToRegistry   type: 'tag' }
346 silly mapToRegistry uri https://registry.npmjs.org/mongoose
347 verbose addNameRange registry:https://registry.npmjs.org/mongoose not in flight; fetching
348 silly resolveWithNewModule mongodb@2.1.21 checking installable status
349 silly cache add args [ 'mongodb@~2.1.3', null ]
350 verbose cache add spec mongodb@~2.1.3
351 silly cache add parsed spec Result {
351 silly cache add   raw: 'mongodb@~2.1.3',
351 silly cache add   scope: null,
351 silly cache add   name: 'mongodb',
351 silly cache add   rawSpec: '~2.1.3',
351 silly cache add   spec: '>=2.1.3 <2.2.0',
351 silly cache add   type: 'range' }
352 silly addNamed mongodb@>=2.1.3 <2.2.0
353 verbose addNamed ">=2.1.3 <2.2.0" is a valid semver range for mongodb
354 silly addNameRange { name: 'mongodb', range: '>=2.1.3 <2.2.0', hasData: false }
355 silly mapToRegistry name mongodb
356 silly mapToRegistry using default registry
357 silly mapToRegistry registry https://registry.npmjs.org/
358 silly mapToRegistry data Result {
358 silly mapToRegistry   raw: 'mongodb',
358 silly mapToRegistry   scope: null,
358 silly mapToRegistry   name: 'mongodb',
358 silly mapToRegistry   rawSpec: '',
358 silly mapToRegistry   spec: 'latest',
358 silly mapToRegistry   type: 'tag' }
359 silly mapToRegistry uri https://registry.npmjs.org/mongodb
360 verbose addNameRange registry:https://registry.npmjs.org/mongodb not in flight; fetching
361 silly resolveWithNewModule body-parser@1.15.2 checking installable status
362 silly cache add args [ 'body-parser@~1.15.0', null ]
363 verbose cache add spec body-parser@~1.15.0
364 silly cache add parsed spec Result {
364 silly cache add   raw: 'body-parser@~1.15.0',
364 silly cache add   scope: null,
364 silly cache add   name: 'body-parser',
364 silly cache add   rawSpec: '~1.15.0',
364 silly cache add   spec: '>=1.15.0 <1.16.0',
364 silly cache add   type: 'range' }
365 silly addNamed body-parser@>=1.15.0 <1.16.0
366 verbose addNamed ">=1.15.0 <1.16.0" is a valid semver range for body-parser
367 silly addNameRange { name: 'body-parser',
367 silly addNameRange   range: '>=1.15.0 <1.16.0',
367 silly addNameRange   hasData: false }
368 silly mapToRegistry name body-parser
369 silly mapToRegistry using default registry
370 silly mapToRegistry registry https://registry.npmjs.org/
371 silly mapToRegistry data Result {
371 silly mapToRegistry   raw: 'body-parser',
371 silly mapToRegistry   scope: null,
371 silly mapToRegistry   name: 'body-parser',
371 silly mapToRegistry   rawSpec: '',
371 silly mapToRegistry   spec: 'latest',
371 silly mapToRegistry   type: 'tag' }
372 silly mapToRegistry uri https://registry.npmjs.org/body-parser
373 verbose addNameRange registry:https://registry.npmjs.org/body-parser not in flight; fetching
374 silly resolveWithNewModule express-session@1.15.2 checking installable status
375 silly cache add args [ 'express-session@^1.15.2', null ]
376 verbose cache add spec express-session@^1.15.2
377 silly cache add parsed spec Result {
377 silly cache add   raw: 'express-session@^1.15.2',
377 silly cache add   scope: null,
377 silly cache add   name: 'express-session',
377 silly cache add   rawSpec: '^1.15.2',
377 silly cache add   spec: '>=1.15.2 <2.0.0',
377 silly cache add   type: 'range' }
378 silly addNamed express-session@>=1.15.2 <2.0.0
379 verbose addNamed ">=1.15.2 <2.0.0" is a valid semver range for express-session
380 silly addNameRange { name: 'express-session',
380 silly addNameRange   range: '>=1.15.2 <2.0.0',
380 silly addNameRange   hasData: false }
381 silly mapToRegistry name express-session
382 silly mapToRegistry using default registry
383 silly mapToRegistry registry https://registry.npmjs.org/
384 silly mapToRegistry data Result {
384 silly mapToRegistry   raw: 'express-session',
384 silly mapToRegistry   scope: null,
384 silly mapToRegistry   name: 'express-session',
384 silly mapToRegistry   rawSpec: '',
384 silly mapToRegistry   spec: 'latest',
384 silly mapToRegistry   type: 'tag' }
385 silly mapToRegistry uri https://registry.npmjs.org/express-session
386 verbose addNameRange registry:https://registry.npmjs.org/express-session not in flight; fetching
387 verbose get https://registry.npmjs.org/passport not expired, no request
388 silly addNameRange number 2 { name: 'passport', range: '>=0.3.2 <0.4.0', hasData: true }
389 silly addNameRange versions [ 'passport',
389 silly addNameRange   [ '0.1.0',
389 silly addNameRange     '0.1.1',
389 silly addNameRange     '0.1.2',
389 silly addNameRange     '0.1.3',
389 silly addNameRange     '0.1.4',
389 silly addNameRange     '0.1.5',
389 silly addNameRange     '0.1.6',
389 silly addNameRange     '0.1.7',
389 silly addNameRange     '0.1.8',
389 silly addNameRange     '0.1.9',
389 silly addNameRange     '0.1.10',
389 silly addNameRange     '0.1.11',
389 silly addNameRange     '0.1.12',
389 silly addNameRange     '0.1.13',
389 silly addNameRange     '0.1.14',
389 silly addNameRange     '0.1.15',
389 silly addNameRange     '0.1.16',
389 silly addNameRange     '0.1.17',
389 silly addNameRange     '0.1.18',
389 silly addNameRange     '0.2.0',
389 silly addNameRange     '0.2.1',
389 silly addNameRange     '0.2.2',
389 silly addNameRange     '0.3.0',
389 silly addNameRange     '0.3.1',
389 silly addNameRange     '0.3.2' ] ]
390 silly addNamed passport@0.3.2
391 verbose addNamed "0.3.2" is a plain semver version for passport
392 silly resolveWithNewModule cookie-parser@1.4.3 checking installable status
393 silly cache add args [ 'cookie-parser@^1.4.3', null ]
394 verbose cache add spec cookie-parser@^1.4.3
395 silly cache add parsed spec Result {
395 silly cache add   raw: 'cookie-parser@^1.4.3',
395 silly cache add   scope: null,
395 silly cache add   name: 'cookie-parser',
395 silly cache add   rawSpec: '^1.4.3',
395 silly cache add   spec: '>=1.4.3 <2.0.0',
395 silly cache add   type: 'range' }
396 silly addNamed cookie-parser@>=1.4.3 <2.0.0
397 verbose addNamed ">=1.4.3 <2.0.0" is a valid semver range for cookie-parser
398 silly addNameRange { name: 'cookie-parser',
398 silly addNameRange   range: '>=1.4.3 <2.0.0',
398 silly addNameRange   hasData: false }
399 silly mapToRegistry name cookie-parser
400 silly mapToRegistry using default registry
401 silly mapToRegistry registry https://registry.npmjs.org/
402 silly mapToRegistry data Result {
402 silly mapToRegistry   raw: 'cookie-parser',
402 silly mapToRegistry   scope: null,
402 silly mapToRegistry   name: 'cookie-parser',
402 silly mapToRegistry   rawSpec: '',
402 silly mapToRegistry   spec: 'latest',
402 silly mapToRegistry   type: 'tag' }
403 silly mapToRegistry uri https://registry.npmjs.org/cookie-parser
404 verbose addNameRange registry:https://registry.npmjs.org/cookie-parser not in flight; fetching
405 verbose get https://registry.npmjs.org/mongoose not expired, no request
406 silly addNameRange number 2 { name: 'mongoose', range: '>=4.9.3 <5.0.0', hasData: true }
407 silly addNameRange versions [ 'mongoose',
407 silly addNameRange   [ '0.0.1',
407 silly addNameRange     '0.0.2',
407 silly addNameRange     '0.0.3',
407 silly addNameRange     '0.0.4',
407 silly addNameRange     '0.0.5',
407 silly addNameRange     '1.0.0',
407 silly addNameRange     '1.0.1',
407 silly addNameRange     '1.0.2',
407 silly addNameRange     '0.0.6',
407 silly addNameRange     '1.0.3',
407 silly addNameRange     '1.0.4',
407 silly addNameRange     '1.0.5',
407 silly addNameRange     '1.0.6',
407 silly addNameRange     '1.0.7',
407 silly addNameRange     '1.0.8',
407 silly addNameRange     '1.0.10',
407 silly addNameRange     '1.0.11',
407 silly addNameRange     '1.0.12',
407 silly addNameRange     '1.0.13',
407 silly addNameRange     '1.0.14',
407 silly addNameRange     '1.0.15',
407 silly addNameRange     '1.0.16',
407 silly addNameRange     '1.1.0',
407 silly addNameRange     '1.1.1',
407 silly addNameRange     '1.1.2',
407 silly addNameRange     '1.1.3',
407 silly addNameRange     '1.1.4',
407 silly addNameRange     '1.1.5',
407 silly addNameRange     '1.1.6',
407 silly addNameRange     '1.1.7',
407 silly addNameRange     '1.1.8',
407 silly addNameRange     '1.1.9',
407 silly addNameRange     '1.1.10',
407 silly addNameRange     '1.1.11',
407 silly addNameRange     '1.1.12',
407 silly addNameRange     '1.1.13',
407 silly addNameRange     '1.1.14',
407 silly addNameRange     '1.1.15',
407 silly addNameRange     '1.1.16',
407 silly addNameRange     '1.1.17',
407 silly addNameRange     '1.1.18',
407 silly addNameRange     '1.1.19',
407 silly addNameRange     '1.1.20',
407 silly addNameRange     '1.1.21',
407 silly addNameRange     '1.1.22',
407 silly addNameRange     '1.1.23',
407 silly addNameRange     '1.1.24',
407 silly addNameRange     '1.1.25',
407 silly addNameRange     '1.2.0',
407 silly addNameRange     '1.3.0',
407 silly addNameRange     '1.3.1',
407 silly addNameRange     '1.3.2',
407 silly addNameRange     '1.3.3',
407 silly addNameRange     '1.3.4',
407 silly addNameRange     '1.3.5',
407 silly addNameRange     '1.3.6',
407 silly addNameRange     '1.3.7',
407 silly addNameRange     '1.4.0',
407 silly addNameRange     '1.5.0',
407 silly addNameRange     '1.6.0',
407 silly addNameRange     '1.7.2',
407 silly addNameRange     '1.7.3',
407 silly addNameRange     '1.7.4',
407 silly addNameRange     '1.8.0',
407 silly addNameRange     '1.8.1',
407 silly addNameRange     '1.8.2',
407 silly addNameRange     '1.8.3',
407 silly addNameRange     '1.8.4',
407 silly addNameRange     '2.0.0',
407 silly addNameRange     '2.0.1',
407 silly addNameRange     '2.0.2',
407 silly addNameRange     '2.0.3',
407 silly addNameRange     '2.0.4',
407 silly addNameRange     '2.1.0',
407 silly addNameRange     '2.1.1',
407 silly addNameRange     '2.1.2',
407 silly addNameRange     '2.1.3',
407 silly addNameRange     '2.1.4',
407 silly addNameRange     '2.2.0',
407 silly addNameRange     '2.2.1',
407 silly addNameRange     '2.2.2',
407 silly addNameRange     '2.2.3',
407 silly addNameRange     '2.2.4',
407 silly addNameRange     '2.3.0',
407 silly addNameRange     '2.3.1',
407 silly addNameRange     '2.3.2',
407 silly addNameRange     '2.3.3',
407 silly addNameRange     '2.3.4',
407 silly addNameRange     '2.3.5',
407 silly addNameRange     '2.3.6',
407 silly addNameRange     '2.3.7',
407 silly addNameRange     '2.3.8',
407 silly addNameRange     '2.3.9',
407 silly addNameRange     '2.3.10',
407 silly addNameRange     '2.3.11',
407 silly addNameRange     '2.3.12',
407 silly addNameRange     '2.3.13',
407 silly addNameRange     '2.4.0',
407 silly addNameRange     '2.4.1',
407 silly addNameRange     '2.4.2',
407 silly addNameRange     '2.4.3',
407 silly addNameRange     '2.4.4',
407 silly addNameRange     '2.4.5',
407 silly addNameRange     '2.4.6',
407 silly addNameRange     '2.4.7',
407 silly addNameRange     '2.4.8',
407 silly addNameRange     '2.4.9',
407 silly addNameRange     '2.4.10',
407 silly addNameRange     '2.5.0',
407 silly addNameRange     '2.5.1',
407 silly addNameRange     '2.5.2',
407 silly addNameRange     '2.5.3',
407 silly addNameRange     '2.5.4',
407 silly addNameRange     '2.5.5',
407 silly addNameRange     '2.5.6',
407 silly addNameRange     '2.5.7',
407 silly addNameRange     '2.5.8',
407 silly addNameRange     '2.5.9',
407 silly addNameRange     '2.5.10',
407 silly addNameRange     '2.5.11',
407 silly addNameRange     '2.5.12',
407 silly addNameRange     '2.5.13',
407 silly addNameRange     '2.5.14',
407 silly addNameRange     '2.6.0',
407 silly addNameRange     '2.6.1',
407 silly addNameRange     '2.6.2',
407 silly addNameRange     '2.6.3',
407 silly addNameRange     '2.6.4',
407 silly addNameRange     '2.6.5',
407 silly addNameRange     '2.6.6',
407 silly addNameRange     '2.6.7',
407 silly addNameRange     '2.6.8',
407 silly addNameRange     '2.7.0',
407 silly addNameRange     '2.7.1',
407 silly addNameRange     '2.7.2',
407 silly addNameRange     '2.7.4',
407 silly addNameRange     '2.7.3',
407 silly addNameRange     '3.0.0',
407 silly addNameRange     '3.0.1',
407 silly addNameRange     '3.0.2',
407 silly addNameRange     '2.8.0',
407 silly addNameRange     '3.0.3',
407 silly addNameRange     '3.1.0',
407 silly addNameRange     '2.8.1',
407 silly addNameRange     '3.1.1',
407 silly addNameRange     '2.8.2',
407 silly addNameRange     '2.8.3',
407 silly addNameRange     '2.9.0',
407 silly addNameRange     '3.2.0',
407 silly addNameRange     '2.9.1',
407 silly addNameRange     '3.2.1',
407 silly addNameRange     '2.9.2',
407 silly addNameRange     '3.2.2',
407 silly addNameRange     '3.3.0',
407 silly addNameRange     '3.3.1',
407 silly addNameRange     '2.9.3',
407 silly addNameRange     '3.4.0',
407 silly addNameRange     '2.9.4',
407 silly addNameRange     '2.9.5',
407 silly addNameRange     '3.5.0',
407 silly addNameRange     '3.5.1',
407 silly addNameRange     '3.5.2',
407 silly addNameRange     '3.5.3',
407 silly addNameRange     '2.9.6',
407 silly addNameRange     '2.9.7',
407 silly addNameRange     '3.5.4',
407 silly addNameRange     '3.5.5',
407 silly addNameRange     '2.9.8',
407 silly addNameRange     '2.9.9',
407 silly addNameRange     '3.5.6',
407 silly addNameRange     '3.5.7',
407 silly addNameRange     '3.5.8',
407 silly addNameRange     '2.9.10',
407 silly addNameRange     '3.5.9',
407 silly addNameRange     '3.6.2',
407 silly addNameRange     '3.5.10',
407 silly addNameRange     '3.6.3',
407 silly addNameRange     '3.5.11',
407 silly addNameRange     '3.6.4',
407 silly addNameRange     '3.6.5',
407 silly addNameRange     '3.6.6',
407 silly addNameRange     '3.6.7',
407 silly addNameRange     '3.5.12',
407 silly addNameRange     '3.6.8',
407 silly addNameRange     '3.6.9',
407 silly addNameRange     '3.6.10',
407 silly addNameRange     '3.5.13',
407 silly addNameRange     '3.5.14',
407 silly addNameRange     '3.6.11',
407 silly addNameRange     '3.6.12',
407 silly addNameRange     '3.6.13',
407 silly addNameRange     '3.6.14',
407 silly addNameRange     '3.6.15',
407 silly addNameRange     '3.5.15',
407 silly addNameRange     '3.7.0',
407 silly addNameRange     '3.6.16',
407 silly addNameRange     '3.5.16',
407 silly addNameRange     '3.6.17',
407 silly addNameRange     '3.7.2',
407 silly addNameRange     '3.0.0-alpha1',
407 silly addNameRange     '3.0.0-alpha2',
407 silly addNameRange     '3.0.0-rc0',
407 silly addNameRange     '3.6.0-rc0',
407 silly addNameRange     '3.6.0-rc1',
407 silly addNameRange     '3.6.18',
407 silly addNameRange     '3.7.3',
407 silly addNameRange     '3.6.19',
407 silly addNameRange     '3.6.20',
407 silly addNameRange     '3.7.4',
407 silly addNameRange     '3.8.0',
407 silly addNameRange     '3.8.1',
407 silly addNameRange     '3.8.2',
407 silly addNameRange     '3.8.3',
407 silly addNameRange     '3.8.4',
407 silly addNameRange     '3.8.5',
407 silly addNameRange     '3.8.6',
407 silly addNameRange     '3.8.7',
407 silly addNameRange     '3.8.8',
407 silly addNameRange     '3.8.9',
407 silly addNameRange     '3.8.10',
407 silly addNameRange     '3.8.11',
407 silly addNameRange     '3.9.0',
407 silly addNameRange     '3.8.12',
407 silly addNameRange     '3.8.13',
407 silly addNameRange     '3.8.14',
407 silly addNameRange     '3.8.15',
407 silly addNameRange     '3.9.1',
407 silly addNameRange     '3.8.16',
407 silly addNameRange     '3.9.2',
407 silly addNameRange     '3.8.17',
407 silly addNameRange     '3.9.3',
407 silly addNameRange     '3.8.18',
407 silly addNameRange     '3.9.4',
407 silly addNameRange     '3.8.19',
407 silly addNameRange     '3.9.5',
407 silly addNameRange     '3.8.20',
407 silly addNameRange     '3.9.6',
407 silly addNameRange     '3.8.21',
407 silly addNameRange     '3.9.7',
407 silly addNameRange     '3.8.22',
407 silly addNameRange     '4.0.0-rc0',
407 silly addNameRange     '4.0.0-rc1',
407 silly addNameRange     '3.8.23',
407 silly addNameRange     '4.0.0-rc2',
407 silly addNameRange     '3.8.24',
407 silly addNameRange     '4.0.0-rc3',
407 silly addNameRange     '3.8.25',
407 silly addNameRange     '4.0.0-rc4',
407 silly addNameRange     '4.0.0',
407 silly addNameRange     '4.0.1',
407 silly addNameRange     '3.8.26',
407 silly addNameRange     '3.8.27',
407 silly addNameRange     '4.0.2',
407 silly addNameRange     '3.8.28',
407 silly addNameRange     '4.0.3',
407 silly addNameRange     '3.8.29',
407 silly addNameRange     '4.0.4',
407 silly addNameRange     '3.8.30',
407 silly addNameRange     '4.0.5',
407 silly addNameRange     '3.8.31',
407 silly addNameRange     '4.0.6',
407 silly addNameRange     '3.8.33',
407 silly addNameRange     '4.0.7',
407 silly addNameRange     '3.8.34',
407 silly addNameRange     '4.0.8',
407 silly addNameRange     '4.1.0',
407 silly addNameRange     '4.1.1',
407 silly addNameRange     '4.1.2',
407 silly addNameRange     '3.8.35',
407 silly addNameRange     '4.1.3',
407 silly addNameRange     '4.1.5',
407 silly addNameRange     '4.1.6',
407 silly addNameRange     '4.1.7',
407 silly addNameRange     '4.1.8',
407 silly addNameRange     '4.1.9',
407 silly addNameRange     '4.1.10',
407 silly addNameRange     '4.1.11',
407 silly addNameRange     '3.8.36',
407 silly addNameRange     '4.1.12',
407 silly addNameRange     '4.2.0',
407 silly addNameRange     '4.2.1',
407 silly addNameRange     '4.2.2',
407 silly addNameRange     '4.2.3',
407 silly addNameRange     '4.2.4',
407 silly addNameRange     '4.2.5',
407 silly addNameRange     '3.8.37',
407 silly addNameRange     '4.2.6',
407 silly addNameRange     '4.2.7',
407 silly addNameRange     '4.2.8',
407 silly addNameRange     '4.2.9',
407 silly addNameRange     '4.2.10',
407 silly addNameRange     '4.3.0',
407 silly addNameRange     '4.3.1',
407 silly addNameRange     '4.3.2',
407 silly addNameRange     '4.3.3',
407 silly addNameRange     '4.3.4',
407 silly addNameRange     '3.8.38',
407 silly addNameRange     '4.3.5',
407 silly addNameRange     '4.3.6',
407 silly addNameRange     '3.8.39',
407 silly addNameRange     '4.3.7',
407 silly addNameRange     '4.4.0',
407 silly addNameRange     '4.4.1',
407 silly addNameRange     '4.4.2',
407 silly addNameRange     '4.4.3',
407 silly addNameRange     '4.4.4',
407 silly addNameRange     '4.4.5',
407 silly addNameRange     '4.4.6',
407 silly addNameRange     '4.4.7',
407 silly addNameRange     '4.4.8',
407 silly addNameRange     '4.4.9',
407 silly addNameRange     '4.4.10',
407 silly addNameRange     '4.4.11',
407 silly addNameRange     '4.4.12',
407 silly addNameRange     '4.4.13',
407 silly addNameRange     '3.8.40',
407 silly addNameRange     '4.4.14',
407 silly addNameRange     '4.4.15',
407 silly addNameRange     '4.4.16',
407 silly addNameRange     '4.4.17',
407 silly addNameRange     '4.4.18',
407 silly addNameRange     '4.4.19',
407 silly addNameRange     '4.4.20',
407 silly addNameRange     '4.5.0',
407 silly addNameRange     '4.5.1',
407 silly addNameRange     '4.5.2',
407 silly addNameRange     '4.5.3',
407 silly addNameRange     '4.5.4',
407 silly addNameRange     '4.5.5',
407 silly addNameRange     '4.5.6',
407 silly addNameRange     '4.5.7',
407 silly addNameRange     '4.5.8',
407 silly addNameRange     '4.5.9',
407 silly addNameRange     '4.5.10',
407 silly addNameRange     '4.6.0',
407 silly addNameRange     '4.6.1',
407 silly addNameRange     '4.6.2',
407 silly addNameRange     '4.6.3',
407 silly addNameRange     '4.6.4',
407 silly addNameRange     '4.6.5',
407 silly addNameRange     '4.6.6',
407 silly addNameRange     '4.6.7',
407 silly addNameRange     '4.6.8',
407 silly addNameRange     '4.7.0',
407 silly addNameRange     '4.7.1',
407 silly addNameRange     '4.7.2',
407 silly addNameRange     '4.7.3',
407 silly addNameRange     '4.7.4',
407 silly addNameRange     '4.7.5-pre',
407 silly addNameRange     '4.7.5',
407 silly addNameRange     '4.7.6',
407 silly addNameRange     '4.7.7',
407 silly addNameRange     '4.7.8',
407 silly addNameRange     '4.7.9',
407 silly addNameRange     '4.8.0',
407 silly addNameRange     '4.8.1',
407 silly addNameRange     '4.8.2',
407 silly addNameRange     '4.8.3',
407 silly addNameRange     '4.8.4',
407 silly addNameRange     '4.8.5',
407 silly addNameRange     '4.8.6',
407 silly addNameRange     '4.8.7',
407 silly addNameRange     '4.9.0',
407 silly addNameRange     '4.9.1',
407 silly addNameRange     '4.9.2',
407 silly addNameRange     '4.9.3',
407 silly addNameRange     '4.9.4' ] ]
408 silly addNamed mongoose@4.9.4
409 verbose addNamed "4.9.4" is a plain semver version for mongoose
410 verbose get https://registry.npmjs.org/express not expired, no request
411 silly addNameRange number 2 { name: 'express', range: '>=4.13.3 <4.14.0', hasData: true }
412 silly addNameRange versions [ 'express',
412 silly addNameRange   [ '0.14.0',
412 silly addNameRange     '0.14.1',
412 silly addNameRange     '1.0.0',
412 silly addNameRange     '1.0.1',
412 silly addNameRange     '1.0.2',
412 silly addNameRange     '1.0.3',
412 silly addNameRange     '1.0.4',
412 silly addNameRange     '1.0.5',
412 silly addNameRange     '1.0.6',
412 silly addNameRange     '1.0.7',
412 silly addNameRange     '1.0.8',
412 silly addNameRange     '2.0.0',
412 silly addNameRange     '2.1.0',
412 silly addNameRange     '2.1.1',
412 silly addNameRange     '2.2.0',
412 silly addNameRange     '2.2.1',
412 silly addNameRange     '2.2.2',
412 silly addNameRange     '2.3.0',
412 silly addNameRange     '2.3.1',
412 silly addNameRange     '2.3.2',
412 silly addNameRange     '2.3.3',
412 silly addNameRange     '2.3.4',
412 silly addNameRange     '2.3.5',
412 silly addNameRange     '2.3.6',
412 silly addNameRange     '2.3.7',
412 silly addNameRange     '2.3.8',
412 silly addNameRange     '2.3.9',
412 silly addNameRange     '2.3.10',
412 silly addNameRange     '2.3.11',
412 silly addNameRange     '2.3.12',
412 silly addNameRange     '2.4.0',
412 silly addNameRange     '2.4.1',
412 silly addNameRange     '2.4.2',
412 silly addNameRange     '2.4.3',
412 silly addNameRange     '2.4.4',
412 silly addNameRange     '2.4.5',
412 silly addNameRange     '2.4.6',
412 silly addNameRange     '2.4.7',
412 silly addNameRange     '2.5.0',
412 silly addNameRange     '2.5.1',
412 silly addNameRange     '2.5.2',
412 silly addNameRange     '2.5.3',
412 silly addNameRange     '2.5.4',
412 silly addNameRange     '2.5.5',
412 silly addNameRange     '2.5.6',
412 silly addNameRange     '2.5.7',
412 silly addNameRange     '2.5.8',
412 silly addNameRange     '2.5.9',
412 silly addNameRange     '2.5.10',
412 silly addNameRange     '2.5.11',
412 silly addNameRange     '3.0.0',
412 silly addNameRange     '3.0.1',
412 silly addNameRange     '3.0.2',
412 silly addNameRange     '3.0.3',
412 silly addNameRange     '3.0.4',
412 silly addNameRange     '3.0.5',
412 silly addNameRange     '3.0.6',
412 silly addNameRange     '3.1.0',
412 silly addNameRange     '3.1.1',
412 silly addNameRange     '3.1.2',
412 silly addNameRange     '3.2.0',
412 silly addNameRange     '3.2.1',
412 silly addNameRange     '3.2.2',
412 silly addNameRange     '3.2.3',
412 silly addNameRange     '3.2.4',
412 silly addNameRange     '3.2.5',
412 silly addNameRange     '3.2.6',
412 silly addNameRange     '3.3.0',
412 silly addNameRange     '3.3.1',
412 silly addNameRange     '3.3.2',
412 silly addNameRange     '3.3.3',
412 silly addNameRange     '3.3.4',
412 silly addNameRange     '3.3.5',
412 silly addNameRange     '3.3.6',
412 silly addNameRange     '1.0.0-beta',
412 silly addNameRange     '1.0.0-beta2',
412 silly addNameRange     '1.0.0-rc',
412 silly addNameRange     '1.0.0-rc2',
412 silly addNameRange     '1.0.0-rc3',
412 silly addNameRange     '1.0.0-rc4',
412 silly addNameRange     '2.0.0-beta',
412 silly addNameRange     '2.0.0-beta2',
412 silly addNameRange     '2.0.0-beta3',
412 silly addNameRange     '2.0.0-rc',
412 silly addNameRange     '2.0.0-rc2',
412 silly addNameRange     '2.0.0-rc3',
412 silly addNameRange     '3.0.0-alpha1',
412 silly addNameRange     '3.0.0-alpha2',
412 silly addNameRange     '3.0.0-alpha3',
412 silly addNameRange     '3.0.0-alpha4',
412 silly addNameRange     '3.0.0-alpha5',
412 silly addNameRange     '3.0.0-beta1',
412 silly addNameRange     '3.0.0-beta2',
412 silly addNameRange     '3.0.0-beta3',
412 silly addNameRange     '3.0.0-beta4',
412 silly addNameRange     '3.0.0-beta6',
412 silly addNameRange     '3.0.0-beta7',
412 silly addNameRange     '3.0.0-rc1',
412 silly addNameRange     '3.0.0-rc2',
412 silly addNameRange     '3.0.0-rc3',
412 silly addNameRange     '3.0.0-rc4',
412 silly addNameRange     '3.0.0-rc5',
412 silly addNameRange     '3.3.7',
412 silly addNameRange     '3.3.8',
412 silly addNameRange     '3.4.0',
412 silly addNameRange     '3.4.1',
412 silly addNameRange     '3.4.2',
412 silly addNameRange     '3.4.3',
412 silly addNameRange     '3.4.4',
412 silly addNameRange     '3.4.5',
412 silly addNameRange     '3.4.6',
412 silly addNameRange     '3.4.7',
412 silly addNameRange     '3.4.8',
412 silly addNameRange     '4.0.0-rc1',
412 silly addNameRange     '4.0.0-rc2',
412 silly addNameRange     '3.5.0',
412 silly addNameRange     '4.0.0-rc3',
412 silly addNameRange     '4.0.0-rc4',
412 silly addNameRange     '3.5.1',
412 silly addNameRange     '4.0.0',
412 silly addNameRange     '3.5.2',
412 silly addNameRange     '4.1.0',
412 silly addNameRange     '4.1.1',
412 silly addNameRange     '3.5.3',
412 silly addNameRange     '4.1.2',
412 silly addNameRange     '3.6.0',
412 silly addNameRange     '4.2.0',
412 silly addNameRange     '3.7.0',
412 silly addNameRange     '3.8.0',
412 silly addNameRange     '4.3.0',
412 silly addNameRange     '4.3.1',
412 silly addNameRange     '3.8.1',
412 silly addNameRange     '4.3.2',
412 silly addNameRange     '3.9.0',
412 silly addNameRange     '4.4.0',
412 silly addNameRange     '4.4.1',
412 silly addNameRange     '3.10.0',
412 silly addNameRange     '3.10.1',
412 silly addNameRange     '3.10.2',
412 silly addNameRange     '3.10.3',
412 silly addNameRange     '3.10.4',
412 silly addNameRange     '4.4.2',
412 silly addNameRange     '3.10.5',
412 silly addNameRange     '4.4.3',
412 silly addNameRange     '3.11.0',
412 silly addNameRange     '4.4.4',
412 silly addNameRange     '3.12.0',
412 silly addNameRange     '3.12.1',
412 silly addNameRange     '4.4.5',
412 silly addNameRange     '3.13.0',
412 silly addNameRange     '4.5.0',
412 silly addNameRange     '4.5.1',
412 silly addNameRange     '3.14.0',
412 silly addNameRange     '4.6.0',
412 silly addNameRange     '4.6.1',
412 silly addNameRange     '3.15.0',
412 silly addNameRange     '4.7.0',
412 silly addNameRange     '3.15.1',
412 silly addNameRange     '4.7.1',
412 silly addNameRange     '3.15.2',
412 silly addNameRange     '4.7.2',
412 silly addNameRange     '4.7.3',
412 silly addNameRange     '3.15.3',
412 silly addNameRange     '4.7.4',
412 silly addNameRange     '3.16.0',
412 silly addNameRange     '4.8.0',
412 silly addNameRange     '3.16.1',
412 silly addNameRange     '4.8.1',
412 silly addNameRange     '3.16.2',
412 silly addNameRange     '4.8.2',
412 silly addNameRange     '3.16.3',
412 silly addNameRange     '3.16.4',
412 silly addNameRange     '4.8.3',
412 silly addNameRange     '3.16.5',
412 silly addNameRange     '3.16.6',
412 silly addNameRange     '4.8.4',
412 silly addNameRange     '3.16.7',
412 silly addNameRange     '4.8.5',
412 silly addNameRange     '3.16.8',
412 silly addNameRange     '4.8.6',
412 silly addNameRange     '3.16.9',
412 silly addNameRange     '4.8.7',
412 silly addNameRange     '3.16.10',
412 silly addNameRange     '4.8.8',
412 silly addNameRange     '3.17.0',
412 silly addNameRange     '3.17.1',
412 silly addNameRange     '4.9.0',
412 silly addNameRange     '3.17.2',
412 silly addNameRange     '4.9.1',
412 silly addNameRange     '4.9.2',
412 silly addNameRange     '3.17.3',
412 silly addNameRange     '4.9.3',
412 silly addNameRange     '3.17.4',
412 silly addNameRange     '4.9.4',
412 silly addNameRange     '3.17.5',
412 silly addNameRange     '4.9.5',
412 silly addNameRange     '3.17.6',
412 silly addNameRange     '3.17.7',
412 silly addNameRange     '4.9.6',
412 silly addNameRange     '4.9.7',
412 silly addNameRange     '3.17.8',
412 silly addNameRange     '4.9.8',
412 silly addNameRange     '3.18.0',
412 silly addNameRange     '3.18.1',
412 silly addNameRange     '4.10.0',
412 silly addNameRange     '3.18.2',
412 silly addNameRange     '4.10.1',
412 silly addNameRange     '5.0.0-alpha.1',
412 silly addNameRange     '3.18.3',
412 silly addNameRange     '4.10.2',
412 silly addNameRange     '3.18.4',
412 silly addNameRange     '4.10.3',
412 silly addNameRange     '4.10.4',
412 silly addNameRange     '4.10.5',
412 silly addNameRange     '3.18.5',
412 silly addNameRange     '3.18.6',
412 silly addNameRange     '4.10.6',
412 silly addNameRange     '4.10.7',
412 silly addNameRange     '3.19.0',
412 silly addNameRange     '4.10.8',
412 silly addNameRange     '4.11.0',
412 silly addNameRange     '3.19.1',
412 silly addNameRange     '4.11.1',
412 silly addNameRange     '3.19.2',
412 silly addNameRange     '4.11.2',
412 silly addNameRange     '3.20.0',
412 silly addNameRange     '4.12.0',
412 silly addNameRange     '3.20.1',
412 silly addNameRange     '4.12.1',
412 silly addNameRange     '4.12.2',
412 silly addNameRange     '3.20.2',
412 silly addNameRange     '4.12.3',
412 silly addNameRange     '3.20.3',
412 silly addNameRange     '4.12.4',
412 silly addNameRange     '3.21.0',
412 silly addNameRange     '4.13.0',
412 silly addNameRange     '3.21.1',
412 silly addNameRange     '4.13.1',
412 silly addNameRange     '5.0.0-alpha.2',
412 silly addNameRange     '3.21.2',
412 silly addNameRange     '4.13.2',
412 silly addNameRange     '4.13.3',
412 silly addNameRange     '4.13.4',
412 silly addNameRange     '4.14.0',
412 silly addNameRange     '4.14.1',
412 silly addNameRange     '5.0.0-alpha.3',
412 silly addNameRange     '4.15.0',
412 silly addNameRange     '5.0.0-alpha.4',
412 silly addNameRange     '4.15.1',
412 silly addNameRange     '4.15.2',
412 silly addNameRange     '5.0.0-alpha.5' ] ]
413 silly addNamed express@4.13.4
414 verbose addNamed "4.13.4" is a plain semver version for express
415 verbose get https://registry.npmjs.org/mongodb not expired, no request
416 silly addNameRange number 2 { name: 'mongodb', range: '>=2.1.3 <2.2.0', hasData: true }
417 silly addNameRange versions [ 'mongodb',
417 silly addNameRange   [ '0.9.4',
417 silly addNameRange     '0.9.4-4',
417 silly addNameRange     '0.9.3',
417 silly addNameRange     '0.9.1',
417 silly addNameRange     '0.9.2',
417 silly addNameRange     '0.9.6-7',
417 silly addNameRange     '0.9.6-8',
417 silly addNameRange     '0.9.6-9',
417 silly addNameRange     '0.9.6-10',
417 silly addNameRange     '0.9.6-11',
417 silly addNameRange     '0.9.6-12',
417 silly addNameRange     '0.9.6-13',
417 silly addNameRange     '0.9.6-14',
417 silly addNameRange     '0.9.6-15',
417 silly addNameRange     '0.9.6-16',
417 silly addNameRange     '0.9.6-17',
417 silly addNameRange     '0.9.6-18',
417 silly addNameRange     '0.9.6-19',
417 silly addNameRange     '0.9.6-20',
417 silly addNameRange     '0.9.6-21',
417 silly addNameRange     '0.9.6-22',
417 silly addNameRange     '0.9.6-23',
417 silly addNameRange     '0.9.7',
417 silly addNameRange     '0.9.7-0',
417 silly addNameRange     '0.9.7-1',
417 silly addNameRange     '0.9.7-1.1',
417 silly addNameRange     '0.9.7-1.2',
417 silly addNameRange     '0.9.7-1.3',
417 silly addNameRange     '0.9.7-1.4',
417 silly addNameRange     '0.9.7-2',
417 silly addNameRange     '0.9.7-2-1',
417 silly addNameRange     '0.9.7-2-2',
417 silly addNameRange     '0.9.7-2-3',
417 silly addNameRange     '0.9.7-2-4',
417 silly addNameRange     '0.9.7-2-5',
417 silly addNameRange     '0.9.7-3',
417 silly addNameRange     '0.9.7-3-1',
417 silly addNameRange     '0.9.7-3-2',
417 silly addNameRange     '0.9.7-3-3',
417 silly addNameRange     '0.9.7-3-4',
417 silly addNameRange     '0.9.7-3-5',
417 silly addNameRange     '0.9.8',
417 silly addNameRange     '0.9.8-1',
417 silly addNameRange     '0.9.8-2',
417 silly addNameRange     '0.9.8-3',
417 silly addNameRange     '0.9.8-4',
417 silly addNameRange     '0.9.8-5',
417 silly addNameRange     '0.9.8-6',
417 silly addNameRange     '0.9.8-7',
417 silly addNameRange     '0.9.9',
417 silly addNameRange     '0.9.9-1',
417 silly addNameRange     '0.9.9-2',
417 silly addNameRange     '0.9.9-3',
417 silly addNameRange     '0.9.9-4',
417 silly addNameRange     '0.9.9-5',
417 silly addNameRange     '0.9.9-6',
417 silly addNameRange     '0.9.9-7',
417 silly addNameRange     '0.9.9-8',
417 silly addNameRange     '1.0.0',
417 silly addNameRange     '1.0.1',
417 silly addNameRange     '1.0.2',
417 silly addNameRange     '1.1.0-beta',
417 silly addNameRange     '1.1.0',
417 silly addNameRange     '1.1.1',
417 silly addNameRange     '1.1.2',
417 silly addNameRange     '1.1.3',
417 silly addNameRange     '1.1.4',
417 silly addNameRange     '1.1.5',
417 silly addNameRange     '1.1.6',
417 silly addNameRange     '1.1.7',
417 silly addNameRange     '1.1.8',
417 silly addNameRange     '1.1.9',
417 silly addNameRange     '1.1.10',
417 silly addNameRange     '1.1.11',
417 silly addNameRange     '1.2.0',
417 silly addNameRange     '1.2.1',
417 silly addNameRange     '1.2.2',
417 silly addNameRange     '1.2.3',
417 silly addNameRange     '1.2.4',
417 silly addNameRange     '1.2.5',
417 silly addNameRange     '1.2.6',
417 silly addNameRange     '1.2.7',
417 silly addNameRange     '1.2.8',
417 silly addNameRange     '1.2.9',
417 silly addNameRange     '1.2.10',
417 silly addNameRange     '1.2.11',
417 silly addNameRange     '1.2.12',
417 silly addNameRange     '1.2.13',
417 silly addNameRange     '1.2.14',
417 silly addNameRange     '1.3.0',
417 silly addNameRange     '1.3.1',
417 silly addNameRange     '1.3.2',
417 silly addNameRange     '1.3.3',
417 silly addNameRange     '1.3.4',
417 silly addNameRange     '1.3.5',
417 silly addNameRange     '1.3.6',
417 silly addNameRange     '1.3.7',
417 silly addNameRange     '1.3.8',
417 silly addNameRange     '1.3.9',
417 silly addNameRange     '1.3.10',
417 silly addNameRange     '1.3.11',
417 silly addNameRange     '1.3.12',
417 silly addNameRange     '1.3.14',
417 silly addNameRange     '1.3.15',
417 silly addNameRange     '1.3.17',
417 silly addNameRange     '1.3.18',
417 silly addNameRange     '1.3.19',
417 silly addNameRange     '1.4.0-rc2',
417 silly addNameRange     '1.3.20',
417 silly addNameRange     '1.4.0-rc3',
417 silly addNameRange     '1.3.21',
417 silly addNameRange     '1.3.22',
417 silly addNameRange     '1.3.23',
417 silly addNameRange     '1.4.0-rc4',
417 silly addNameRange     '1.4.0-rc5',
417 silly addNameRange     '1.4.0-rc6',
417 silly addNameRange     '1.4.0-rc7',
417 silly addNameRange     '1.4.0-rc8',
417 silly addNameRange     '1.4.0-rc9',
417 silly addNameRange     '1.4.0-rc10',
417 silly addNameRange     '1.4.0',
417 silly addNameRange     '1.4.1',
417 silly addNameRange     '1.4.2',
417 silly addNameRange     '1.4.3',
417 silly addNameRange     '1.4.4',
417 silly addNameRange     '1.4.5',
417 silly addNameRange     '1.4.6',
417 silly addNameRange     '1.4.7',
417 silly addNameRange     '1.4.8',
417 silly addNameRange     '1.4.9',
417 silly addNameRange     '1.4.10',
417 silly addNameRange     '2.0.0-alpha1',
417 silly addNameRange     '1.4.11',
417 silly addNameRange     '1.4.12',
417 silly addNameRange     '1.4.14',
417 silly addNameRange     '1.4.15',
417 silly addNameRange     '1.4.16',
417 silly addNameRange     '1.4.17',
417 silly addNameRange     '2.0.0-alpha2',
417 silly addNameRange     '1.4.18',
417 silly addNameRange     '2.0.0',
417 silly addNameRange     '2.0.1',
417 silly addNameRange     '2.0.2',
417 silly addNameRange     '1.4.19',
417 silly addNameRange     '2.0.3',
417 silly addNameRange     '2.0.4',
417 silly addNameRange     '2.0.5',
417 silly addNameRange     '2.0.6',
417 silly addNameRange     '1.4.20',
417 silly addNameRange     '1.4.22',
417 silly addNameRange     '2.0.7',
417 silly addNameRange     '2.0.8',
417 silly addNameRange     '2.0.9',
417 silly addNameRange     '1.4.23',
417 silly addNameRange     '2.0.10',
417 silly addNameRange     '1.4.24',
417 silly addNameRange     '2.0.11',
417 silly addNameRange     '1.4.25',
417 silly addNameRange     '2.0.12',
417 silly addNameRange     '1.4.26',
417 silly addNameRange     '1.4.27',
417 silly addNameRange     '1.4.28',
417 silly addNameRange     '2.0.13',
417 silly addNameRange     '2.0.14',
417 silly addNameRange     '1.4.29',
417 silly addNameRange     '2.0.15',
417 silly addNameRange     '1.4.30',
417 silly addNameRange     '2.0.16',
417 silly addNameRange     '1.4.31',
417 silly addNameRange     '2.0.17',
417 silly addNameRange     '1.4.32',
417 silly addNameRange     '2.0.18',
417 silly addNameRange     '2.0.19',
417 silly addNameRange     '1.4.33',
417 silly addNameRange     '2.0.20',
417 silly addNameRange     '2.0.21',
417 silly addNameRange     '1.4.34',
417 silly addNameRange     '2.0.22',
417 silly addNameRange     '2.0.23',
417 silly addNameRange     '1.4.35',
417 silly addNameRange     '2.0.24',
417 silly addNameRange     '2.0.25',
417 silly addNameRange     '2.0.26',
417 silly addNameRange     '2.0.27',
417 silly addNameRange     '2.0.28',
417 silly addNameRange     '2.0.29',
417 silly addNameRange     '1.4.36',
417 silly addNameRange     '2.0.30',
417 silly addNameRange     '1.4.37',
417 silly addNameRange     '2.0.31',
417 silly addNameRange     '1.4.38',
417 silly addNameRange     '2.0.32',
417 silly addNameRange     '2.0.33',
417 silly addNameRange     '2.1.0-alpha',
417 silly addNameRange     '2.0.34',
417 silly addNameRange     '2.0.35',
417 silly addNameRange     '2.0.36',
417 silly addNameRange     '2.0.37',
417 silly addNameRange     '2.0.38',
417 silly addNameRange     '2.0.39',
417 silly addNameRange     '1.4.39',
417 silly addNameRange     '2.0.40',
417 silly addNameRange     '2.0.41',
417 silly addNameRange     '2.0.42',
417 silly addNameRange     '2.0.43',
417 silly addNameRange     '2.0.44',
417 silly addNameRange     '2.0.45',
417 silly addNameRange     '2.0.46',
417 silly addNameRange     '2.0.47',
417 silly addNameRange     '2.0.48',
417 silly addNameRange     '2.1.0-rc1',
417 silly addNameRange     '2.0.49',
417 silly addNameRange     '2.0.50',
417 silly addNameRange     '2.1.0',
417 silly addNameRange     '2.0.51',
417 silly addNameRange     '2.1.1',
417 silly addNameRange     '2.0.52',
417 silly addNameRange     '2.0.53',
417 silly addNameRange     '2.1.2',
417 silly addNameRange     '2.1.3',
417 silly addNameRange     '2.0.54',
417 silly addNameRange     '2.0.55',
417 silly addNameRange     '1.4.40',
417 silly addNameRange     '2.1.4',
417 silly addNameRange     '2.1.5',
417 silly addNameRange     '2.1.6',
417 silly addNameRange     '2.1.7',
417 silly addNameRange     '2.1.8',
417 silly addNameRange     '2.1.9',
417 silly addNameRange     '2.1.10',
417 silly addNameRange     '2.1.11',
417 silly addNameRange     '2.1.12',
417 silly addNameRange     '2.1.13',
417 silly addNameRange     '2.1.14',
417 silly addNameRange     '2.1.15',
417 silly addNameRange     '2.1.16',
417 silly addNameRange     '2.1.17',
417 silly addNameRange     '2.1.18',
417 silly addNameRange     '2.1.19',
417 silly addNameRange     '2.1.20',
417 silly addNameRange     '2.1.21',
417 silly addNameRange     '2.1.22-alpha',
417 silly addNameRange     '2.1.22-alpha2',
417 silly addNameRange     '2.1.22-alpha3',
417 silly addNameRange     '2.1.22-alpha4',
417 silly addNameRange     '2.2.0-alpha1',
417 silly addNameRange     '2.2.0-alpha2',
417 silly addNameRange     '2.2.0',
417 silly addNameRange     '2.2.1',
417 silly addNameRange     '2.2.2',
417 silly addNameRange     '2.2.3',
417 silly addNameRange     '2.2.4',
417 silly addNameRange     '2.2.5',
417 silly addNameRange     '2.2.6',
417 silly addNameRange     '2.2.7',
417 silly addNameRange     '2.2.8',
417 silly addNameRange     '2.2.9',
417 silly addNameRange     '2.2.10',
417 silly addNameRange     '2.2.11',
417 silly addNameRange     '2.2.12',
417 silly addNameRange     '2.2.13',
417 silly addNameRange     '2.2.14',
417 silly addNameRange     '2.2.15',
417 silly addNameRange     '2.2.16',
417 silly addNameRange     '2.2.17',
417 silly addNameRange     '2.2.18',
417 silly addNameRange     '2.2.19',
417 silly addNameRange     '2.2.20',
417 silly addNameRange     '2.2.21',
417 silly addNameRange     '2.2.22',
417 silly addNameRange     '2.2.23',
417 silly addNameRange     '2.2.24',
417 silly addNameRange     '2.2.25' ] ]
418 silly addNamed mongodb@2.1.21
419 verbose addNamed "2.1.21" is a plain semver version for mongodb
420 warn deprecated mongodb@2.1.21: Please upgrade to 2.2.19 or higher
421 silly mapToRegistry name mongodb
422 silly mapToRegistry using default registry
423 silly mapToRegistry registry https://registry.npmjs.org/
424 silly mapToRegistry data Result {
424 silly mapToRegistry   raw: 'mongodb',
424 silly mapToRegistry   scope: null,
424 silly mapToRegistry   name: 'mongodb',
424 silly mapToRegistry   rawSpec: '',
424 silly mapToRegistry   spec: 'latest',
424 silly mapToRegistry   type: 'tag' }
425 silly mapToRegistry uri https://registry.npmjs.org/mongodb
426 verbose addRemoteTarball https://registry.npmjs.org/mongodb/-/mongodb-2.1.21.tgz not in flight; adding
427 verbose addRemoteTarball [ 'https://registry.npmjs.org/mongodb/-/mongodb-2.1.21.tgz',
427 verbose addRemoteTarball   '764709dbcceb5825b4eb31f95395f965fd442272' ]
428 verbose get https://registry.npmjs.org/express-session not expired, no request
429 silly addNameRange number 2 { name: 'express-session',
429 silly addNameRange   range: '>=1.15.2 <2.0.0',
429 silly addNameRange   hasData: true }
430 silly addNameRange versions [ 'express-session',
430 silly addNameRange   [ '1.0.0',
430 silly addNameRange     '1.0.1',
430 silly addNameRange     '1.0.2',
430 silly addNameRange     '1.0.3',
430 silly addNameRange     '1.0.4',
430 silly addNameRange     '1.1.0',
430 silly addNameRange     '1.2.0',
430 silly addNameRange     '1.2.1',
430 silly addNameRange     '1.3.0',
430 silly addNameRange     '1.3.1',
430 silly addNameRange     '1.4.0',
430 silly addNameRange     '1.5.0',
430 silly addNameRange     '1.5.1',
430 silly addNameRange     '1.5.2',
430 silly addNameRange     '1.6.0',
430 silly addNameRange     '1.6.1',
430 silly addNameRange     '1.6.2',
430 silly addNameRange     '1.6.3',
430 silly addNameRange     '1.6.4',
430 silly addNameRange     '1.6.5',
430 silly addNameRange     '1.7.0',
430 silly addNameRange     '1.7.1',
430 silly addNameRange     '1.7.2',
430 silly addNameRange     '1.7.3',
430 silly addNameRange     '1.7.4',
430 silly addNameRange     '1.7.5',
430 silly addNameRange     '1.7.6',
430 silly addNameRange     '1.8.0',
430 silly addNameRange     '1.8.1',
430 silly addNameRange     '1.8.2',
430 silly addNameRange     '1.9.0',
430 silly addNameRange     '1.9.1',
430 silly addNameRange     '1.9.2',
430 silly addNameRange     '1.9.3',
430 silly addNameRange     '1.10.0',
430 silly addNameRange     '1.10.1',
430 silly addNameRange     '1.10.2',
430 silly addNameRange     '1.10.3',
430 silly addNameRange     '1.10.4',
430 silly addNameRange     '1.11.0',
430 silly addNameRange     '1.11.1',
430 silly addNameRange     '1.11.2',
430 silly addNameRange     '1.11.3',
430 silly addNameRange     '1.12.0',
430 silly addNameRange     '1.12.1',
430 silly addNameRange     '1.13.0',
430 silly addNameRange     '1.14.0',
430 silly addNameRange     '1.14.1',
430 silly addNameRange     '1.14.2',
430 silly addNameRange     '1.15.0',
430 silly addNameRange     '1.15.1',
430 silly addNameRange     '1.15.2' ] ]
431 silly addNamed express-session@1.15.2
432 verbose addNamed "1.15.2" is a plain semver version for express-session
433 verbose get https://registry.npmjs.org/body-parser not expired, no request
434 silly addNameRange number 2 { name: 'body-parser', range: '>=1.15.0 <1.16.0', hasData: true }
435 silly addNameRange versions [ 'body-parser',
435 silly addNameRange   [ '1.0.0',
435 silly addNameRange     '1.0.1',
435 silly addNameRange     '1.0.2',
435 silly addNameRange     '1.1.0',
435 silly addNameRange     '1.1.1',
435 silly addNameRange     '1.1.2',
435 silly addNameRange     '1.2.0',
435 silly addNameRange     '1.2.1',
435 silly addNameRange     '1.2.2',
435 silly addNameRange     '1.3.0',
435 silly addNameRange     '1.3.1',
435 silly addNameRange     '1.4.0',
435 silly addNameRange     '1.4.1',
435 silly addNameRange     '1.4.2',
435 silly addNameRange     '1.4.3',
435 silly addNameRange     '1.5.0',
435 silly addNameRange     '1.5.1',
435 silly addNameRange     '1.5.2',
435 silly addNameRange     '1.6.0',
435 silly addNameRange     '1.6.1',
435 silly addNameRange     '1.6.2',
435 silly addNameRange     '1.6.3',
435 silly addNameRange     '1.6.4',
435 silly addNameRange     '1.6.5',
435 silly addNameRange     '1.6.6',
435 silly addNameRange     '1.6.7',
435 silly addNameRange     '1.7.0',
435 silly addNameRange     '1.8.0',
435 silly addNameRange     '1.8.1',
435 silly addNameRange     '1.8.2',
435 silly addNameRange     '1.8.3',
435 silly addNameRange     '1.8.4',
435 silly addNameRange     '1.9.0',
435 silly addNameRange     '1.9.1',
435 silly addNameRange     '1.9.2',
435 silly addNameRange     '1.9.3',
435 silly addNameRange     '1.10.0',
435 silly addNameRange     '1.10.1',
435 silly addNameRange     '1.10.2',
435 silly addNameRange     '1.11.0',
435 silly addNameRange     '1.12.0',
435 silly addNameRange     '1.12.1',
435 silly addNameRange     '1.12.2',
435 silly addNameRange     '1.12.3',
435 silly addNameRange     '1.12.4',
435 silly addNameRange     '1.13.0',
435 silly addNameRange     '1.13.1',
435 silly addNameRange     '1.13.2',
435 silly addNameRange     '1.13.3',
435 silly addNameRange     '1.14.0',
435 silly addNameRange     '1.14.1',
435 silly addNameRange     '1.14.2',
435 silly addNameRange     '1.15.0',
435 silly addNameRange     '1.15.1',
435 silly addNameRange     '1.15.2',
435 silly addNameRange     '1.16.0',
435 silly addNameRange     '1.16.1',
435 silly addNameRange     '1.17.0',
435 silly addNameRange     '1.17.1' ] ]
436 silly addNamed body-parser@1.15.2
437 verbose addNamed "1.15.2" is a plain semver version for body-parser
438 verbose get https://registry.npmjs.org/cookie-parser not expired, no request
439 silly addNameRange number 2 { name: 'cookie-parser', range: '>=1.4.3 <2.0.0', hasData: true }
440 silly addNameRange versions [ 'cookie-parser',
440 silly addNameRange   [ '1.0.0',
440 silly addNameRange     '1.0.1',
440 silly addNameRange     '1.1.0',
440 silly addNameRange     '1.2.0',
440 silly addNameRange     '1.3.0',
440 silly addNameRange     '1.3.1',
440 silly addNameRange     '1.3.2',
440 silly addNameRange     '1.3.3',
440 silly addNameRange     '1.3.4',
440 silly addNameRange     '1.3.5',
440 silly addNameRange     '1.4.0',
440 silly addNameRange     '1.4.1',
440 silly addNameRange     '1.4.2',
440 silly addNameRange     '1.4.3' ] ]
441 silly addNamed cookie-parser@1.4.3
442 verbose addNamed "1.4.3" is a plain semver version for cookie-parser
443 silly cache afterAdd passport@0.3.2
444 verbose afterAdd C:\Users\kkgupta.ANL-100-22\AppData\Roaming\npm-cache\passport\0.3.2\package\package.json not in flight; writing
445 verbose correctMkdir C:\Users\kkgupta.ANL-100-22\AppData\Roaming\npm-cache correctMkdir not in flight; initializing
446 silly cache afterAdd mongoose@4.9.4
447 verbose afterAdd C:\Users\kkgupta.ANL-100-22\AppData\Roaming\npm-cache\mongoose\4.9.4\package\package.json not in flight; writing
448 verbose correctMkdir C:\Users\kkgupta.ANL-100-22\AppData\Roaming\npm-cache correctMkdir not in flight; initializing
449 silly cache afterAdd express@4.13.4
450 verbose afterAdd C:\Users\kkgupta.ANL-100-22\AppData\Roaming\npm-cache\express\4.13.4\package\package.json not in flight; writing
451 verbose correctMkdir C:\Users\kkgupta.ANL-100-22\AppData\Roaming\npm-cache correctMkdir not in flight; initializing
452 silly cache afterAdd express-session@1.15.2
453 verbose afterAdd C:\Users\kkgupta.ANL-100-22\AppData\Roaming\npm-cache\express-session\1.15.2\package\package.json not in flight; writing
454 verbose correctMkdir C:\Users\kkgupta.ANL-100-22\AppData\Roaming\npm-cache correctMkdir not in flight; initializing
455 silly cache afterAdd body-parser@1.15.2
456 verbose afterAdd C:\Users\kkgupta.ANL-100-22\AppData\Roaming\npm-cache\body-parser\1.15.2\package\package.json not in flight; writing
457 verbose correctMkdir C:\Users\kkgupta.ANL-100-22\AppData\Roaming\npm-cache correctMkdir not in flight; initializing
458 silly cache afterAdd cookie-parser@1.4.3
459 verbose afterAdd C:\Users\kkgupta.ANL-100-22\AppData\Roaming\npm-cache\cookie-parser\1.4.3\package\package.json not in flight; writing
460 verbose correctMkdir C:\Users\kkgupta.ANL-100-22\AppData\Roaming\npm-cache correctMkdir not in flight; initializing
461 verbose afterAdd C:\Users\kkgupta.ANL-100-22\AppData\Roaming\npm-cache\passport\0.3.2\package\package.json written
462 info retry fetch attempt 1 at 1:15:39 PM
463 info attempt registry request try #1 at 1:15:39 PM
464 http fetch GET https://registry.npmjs.org/mongodb/-/mongodb-2.1.21.tgz
465 verbose afterAdd C:\Users\kkgupta.ANL-100-22\AppData\Roaming\npm-cache\mongoose\4.9.4\package\package.json written
466 verbose afterAdd C:\Users\kkgupta.ANL-100-22\AppData\Roaming\npm-cache\express\4.13.4\package\package.json written
467 verbose afterAdd C:\Users\kkgupta.ANL-100-22\AppData\Roaming\npm-cache\express-session\1.15.2\package\package.json written
468 verbose afterAdd C:\Users\kkgupta.ANL-100-22\AppData\Roaming\npm-cache\body-parser\1.15.2\package\package.json written
469 verbose afterAdd C:\Users\kkgupta.ANL-100-22\AppData\Roaming\npm-cache\cookie-parser\1.4.3\package\package.json written
470 info retry will retry, error on last attempt: Error: tunneling socket could not be established, cause=socket hang up
471 info attempt registry request try #2 at 1:16:21 PM
472 http fetch GET https://registry.npmjs.org/mongodb/-/mongodb-2.1.21.tgz
473 info retry will retry, error on last attempt: Error: tunneling socket could not be established, cause=socket hang up
474 info attempt registry request try #3 at 1:17:53 PM
475 http fetch GET https://registry.npmjs.org/mongodb/-/mongodb-2.1.21.tgz
476 error fetch failed https://registry.npmjs.org/mongodb/-/mongodb-2.1.21.tgz
477 warn retry will retry, error on last attempt: Error: tunneling socket could not be established, cause=socket hang up
478 info retry fetch attempt 2 at 1:18:45 PM
479 info attempt registry request try #1 at 1:18:45 PM
480 http fetch GET https://registry.npmjs.org/mongodb/-/mongodb-2.1.21.tgz
481 info retry will retry, error on last attempt: Error: tunneling socket could not be established, cause=socket hang up
482 info attempt registry request try #2 at 1:19:27 PM
483 http fetch GET https://registry.npmjs.org/mongodb/-/mongodb-2.1.21.tgz
484 info retry will retry, error on last attempt: Error: tunneling socket could not be established, cause=socket hang up
485 info attempt registry request try #3 at 1:26:29 PM
486 http fetch GET https://registry.npmjs.org/mongodb/-/mongodb-2.1.21.tgz
487 error fetch failed https://registry.npmjs.org/mongodb/-/mongodb-2.1.21.tgz
488 warn retry will retry, error on last attempt: Error: tunneling socket could not be established, cause=connect EHOSTUNREACH 10.10.2.146:8766
489 info retry fetch attempt 3 at 1:27:33 PM
490 info attempt registry request try #1 at 1:27:33 PM
491 http fetch GET https://registry.npmjs.org/mongodb/-/mongodb-2.1.21.tgz
492 info retry will retry, error on last attempt: Error: tunneling socket could not be established, cause=socket hang up
493 info attempt registry request try #2 at 1:28:15 PM
494 http fetch GET https://registry.npmjs.org/mongodb/-/mongodb-2.1.21.tgz
495 info retry will retry, error on last attempt: Error: tunneling socket could not be established, cause=socket hang up
496 info attempt registry request try #3 at 1:29:46 PM
497 http fetch GET https://registry.npmjs.org/mongodb/-/mongodb-2.1.21.tgz
498 error fetch failed https://registry.npmjs.org/mongodb/-/mongodb-2.1.21.tgz
499 silly rollbackFailedOptional Starting
500 silly rollbackFailedOptional Finishing
501 silly runTopLevelLifecycles Starting
502 silly runTopLevelLifecycles Finishing
503 silly install printInstalled
504 verbose stack Error: tunneling socket could not be established, cause=socket hang up
504 verbose stack     at ClientRequest.onError (C:\Users\kkgupta.ANL-100-22\AppData\Roaming\npm\node_modules\npm\node_modules\request\node_modules\tunnel-agent\index.js:176:17)
504 verbose stack     at ClientRequest.g (events.js:273:16)
504 verbose stack     at emitOne (events.js:90:13)
504 verbose stack     at ClientRequest.emit (events.js:182:7)
504 verbose stack     at TLSSocket.socketErrorListener (_http_client.js:262:9)
504 verbose stack     at emitOne (events.js:90:13)
504 verbose stack     at TLSSocket.emit (events.js:182:7)
504 verbose stack     at emitErrorNT (net.js:1246:8)
504 verbose stack     at nextTickCallbackWith2Args (node.js:475:9)
504 verbose stack     at process._tickCallback (node.js:389:17)
505 verbose cwd C:\Users\kkgupta.ANL-100-22\Desktop\Ambiente
506 error Windows_NT 6.3.9600
507 error argv "C:\\Program Files (x86)\\nodejs\\node.exe" "C:\\Users\\kkgupta.ANL-100-22\\AppData\\Roaming\\npm\\node_modules\\npm\\bin\\npm-cli.js" "install"
508 error node v5.6.0
509 error npm  v3.9.3
510 error code ECONNRESET
511 error network tunneling socket could not be established, cause=socket hang up
512 error network This is most likely not a problem with npm itself
512 error network and is related to network connectivity.
512 error network In most cases you are behind a proxy or have bad network settings.
512 error network
512 error network If you are behind a proxy, please make sure that the
512 error network 'proxy' config is set properly.  See: 'npm help config'
513 verbose exit [ 1, true ]
